# JRE version: Java(TM) SE Runtime Environment (8.0_65-b17) (build 1.8.0_65-b17)
# Java VM: Java HotSpot(TM) 64-Bit Server VM (25.65-b01 mixed mode bsd-amd64 compressed oops)
Heap:
 PSYoungGen      total 11776K, used 6007K [0x00000007b5580000, 0x00000007b6500000, 0x00000007c0000000)
  eden space 8704K, 67% used [0x00000007b5580000,0x00000007b5b3dfe0,0x00000007b5e00000)
  from space 3072K, 4% used [0x00000007b6200000,0x00000007b6220000,0x00000007b6500000)
  to   space 3584K, 0% used [0x00000007b5e00000,0x00000007b5e00000,0x00000007b6180000)
 ParOldGen       total 23552K, used 2599K [0x00000007a0000000, 0x00000007a1700000, 0x00000007b5580000)
  object space 23552K, 11% used [0x00000007a0000000,0x00000007a0289ec8,0x00000007a1700000)
 Metaspace       used 7929K, capacity 8103K, committed 8320K, reserved 1056768K
  class space    used 794K, capacity 858K, committed 896K, reserved 1048576K
GC Heap History (10 events):
Event: 12.616 GC heap before
{Heap before GC invocations=9 (full 1):
 PSYoungGen      total 13312K, used 8832K [0x00000007b5580000, 0x00000007b6700000, 0x00000007c0000000)
  eden space 8704K, 100% used [0x00000007b5580000,0x00000007b5e00000,0x00000007b5e00000)
  from space 4608K, 2% used [0x00000007b5e00000,0x00000007b5e20000,0x00000007b6280000)
  to   space 4608K, 0% used [0x00000007b6280000,0x00000007b6280000,0x00000007b6700000)
 ParOldGen       total 23552K, used 2591K [0x00000007a0000000, 0x00000007a1700000, 0x00000007b5580000)
  object space 23552K, 11% used [0x00000007a0000000,0x00000007a0287ec8,0x00000007a1700000)
 Metaspace       used 7913K, capacity 8103K, committed 8320K, reserved 1056768K
  class space    used 794K, capacity 858K, committed 896K, reserved 1048576K
Event: 12.617 GC heap after
Heap after GC invocations=9 (full 1):
 PSYoungGen      total 12288K, used 96K [0x00000007b5580000, 0x00000007b6600000, 0x00000007c0000000)
  eden space 8704K, 0% used [0x00000007b5580000,0x00000007b5580000,0x00000007b5e00000)
  from space 3584K, 2% used [0x00000007b6280000,0x00000007b6298000,0x00000007b6600000)
  to   space 4096K, 0% used [0x00000007b5e00000,0x00000007b5e00000,0x00000007b6200000)
 ParOldGen       total 23552K, used 2599K [0x00000007a0000000, 0x00000007a1700000, 0x00000007b5580000)
  object space 23552K, 11% used [0x00000007a0000000,0x00000007a0289ec8,0x00000007a1700000)
 Metaspace       used 7913K, capacity 8103K, committed 8320K, reserved 1056768K
  class space    used 794K, capacity 858K, committed 896K, reserved 1048576K
}
Event: 13.819 GC heap before
{Heap before GC invocations=10 (full 1):
 PSYoungGen      total 12288K, used 8800K [0x00000007b5580000, 0x00000007b6600000, 0x00000007c0000000)
  eden space 8704K, 100% used [0x00000007b5580000,0x00000007b5e00000,0x00000007b5e00000)
  from space 3584K, 2% used [0x00000007b6280000,0x00000007b6298000,0x00000007b6600000)
  to   space 4096K, 0% used [0x00000007b5e00000,0x00000007b5e00000,0x00000007b6200000)
 ParOldGen       total 23552K, used 2599K [0x00000007a0000000, 0x00000007a1700000, 0x00000007b5580000)
  object space 23552K, 11% used [0x00000007a0000000,0x00000007a0289ec8,0x00000007a1700000)
 Metaspace       used 7915K, capacity 8103K, committed 8320K, reserved 1056768K
  class space    used 794K, capacity 858K, committed 896K, reserved 1048576K
Event: 13.820 GC heap after
Heap after GC invocations=10 (full 1):
 PSYoungGen      total 12800K, used 96K [0x00000007b5580000, 0x00000007b6600000, 0x00000007c0000000)
  eden space 8704K, 0% used [0x00000007b5580000,0x00000007b5580000,0x00000007b5e00000)
  from space 4096K, 2% used [0x00000007b5e00000,0x00000007b5e18000,0x00000007b6200000)
  to   space 4096K, 0% used [0x00000007b6200000,0x00000007b6200000,0x00000007b6600000)
 ParOldGen       total 23552K, used 2599K [0x00000007a0000000, 0x00000007a1700000, 0x00000007b5580000)
  object space 23552K, 11% used [0x00000007a0000000,0x00000007a0289ec8,0x00000007a1700000)
 Metaspace       used 7915K, capacity 8103K, committed 8320K, reserved 1056768K
  class space    used 794K, capacity 858K, committed 896K, reserved 1048576K
}
Event: 15.004 GC heap before
{Heap before GC invocations=11 (full 1):
 PSYoungGen      total 12800K, used 8800K [0x00000007b5580000, 0x00000007b6600000, 0x00000007c0000000)
  eden space 8704K, 100% used [0x00000007b5580000,0x00000007b5e00000,0x00000007b5e00000)
  from space 4096K, 2% used [0x00000007b5e00000,0x00000007b5e18000,0x00000007b6200000)
  to   space 4096K, 0% used [0x00000007b6200000,0x00000007b6200000,0x00000007b6600000)
 ParOldGen       total 23552K, used 2599K [0x00000007a0000000, 0x00000007a1700000, 0x00000007b5580000)
  object space 23552K, 11% used [0x00000007a0000000,0x00000007a0289ec8,0x00000007a1700000)
 Metaspace       used 7915K, capacity 8103K, committed 8320K, reserved 1056768K
  class space    used 794K, capacity 858K, committed 896K, reserved 1048576K
Event: 15.004 GC heap after
Heap after GC invocations=11 (full 1):
 PSYoungGen      total 12800K, used 96K [0x00000007b5580000, 0x00000007b6600000, 0x00000007c0000000)
  eden space 8704K, 0% used [0x00000007b5580000,0x00000007b5580000,0x00000007b5e00000)
  from space 4096K, 2% used [0x00000007b6200000,0x00000007b6218000,0x00000007b6600000)
  to   space 4096K, 0% used [0x00000007b5e00000,0x00000007b5e00000,0x00000007b6200000)
 ParOldGen       total 23552K, used 2599K [0x00000007a0000000, 0x00000007a1700000, 0x00000007b5580000)
  object space 23552K, 11% used [0x00000007a0000000,0x00000007a0289ec8,0x00000007a1700000)
 Metaspace       used 7915K, capacity 8103K, committed 8320K, reserved 1056768K
  class space    used 794K, capacity 858K, committed 896K, reserved 1048576K
}
Event: 16.191 GC heap before
{Heap before GC invocations=12 (full 1):
 PSYoungGen      total 12800K, used 8800K [0x00000007b5580000, 0x00000007b6600000, 0x00000007c0000000)
  eden space 8704K, 100% used [0x00000007b5580000,0x00000007b5e00000,0x00000007b5e00000)
  from space 4096K, 2% used [0x00000007b6200000,0x00000007b6218000,0x00000007b6600000)
  to   space 4096K, 0% used [0x00000007b5e00000,0x00000007b5e00000,0x00000007b6200000)
 ParOldGen       total 23552K, used 2599K [0x00000007a0000000, 0x00000007a1700000, 0x00000007b5580000)
  object space 23552K, 11% used [0x00000007a0000000,0x00000007a0289ec8,0x00000007a1700000)
 Metaspace       used 7917K, capacity 8103K, committed 8320K, reserved 1056768K
  class space    used 794K, capacity 858K, committed 896K, reserved 1048576K
Event: 16.192 GC heap after
Heap after GC invocations=12 (full 1):
 PSYoungGen      total 12800K, used 160K [0x00000007b5580000, 0x00000007b6600000, 0x00000007c0000000)
  eden space 8704K, 0% used [0x00000007b5580000,0x00000007b5580000,0x00000007b5e00000)
  from space 4096K, 3% used [0x00000007b5e00000,0x00000007b5e28000,0x00000007b6200000)
  to   space 4096K, 0% used [0x00000007b6200000,0x00000007b6200000,0x00000007b6600000)
 ParOldGen       total 23552K, used 2599K [0x00000007a0000000, 0x00000007a1700000, 0x00000007b5580000)
  object space 23552K, 11% used [0x00000007a0000000,0x00000007a0289ec8,0x00000007a1700000)
 Metaspace       used 7917K, capacity 8103K, committed 8320K, reserved 1056768K
  class space    used 794K, capacity 858K, committed 896K, reserved 1048576K
}
Event: 17.407 GC heap before
{Heap before GC invocations=13 (full 1):
 PSYoungGen      total 12800K, used 8864K [0x00000007b5580000, 0x00000007b6600000, 0x00000007c0000000)
  eden space 8704K, 100% used [0x00000007b5580000,0x00000007b5e00000,0x00000007b5e00000)
  from space 4096K, 3% used [0x00000007b5e00000,0x00000007b5e28000,0x00000007b6200000)
  to   space 4096K, 0% used [0x00000007b6200000,0x00000007b6200000,0x00000007b6600000)
 ParOldGen       total 23552K, used 2599K [0x00000007a0000000, 0x00000007a1700000, 0x00000007b5580000)
  object space 23552K, 11% used [0x00000007a0000000,0x00000007a0289ec8,0x00000007a1700000)
 Metaspace       used 7923K, capacity 8103K, committed 8320K, reserved 1056768K
  class space    used 794K, capacity 858K, committed 896K, reserved 1048576K
Event: 17.409 GC heap after
Heap after GC invocations=13 (full 1):
 PSYoungGen      total 11776K, used 128K [0x00000007b5580000, 0x00000007b6500000, 0x00000007c0000000)
  eden space 8704K, 0% used [0x00000007b5580000,0x00000007b5580000,0x00000007b5e00000)
  from space 3072K, 4% used [0x00000007b6200000,0x00000007b6220000,0x00000007b6500000)
  to   space 3584K, 0% used [0x00000007b5e00000,0x00000007b5e00000,0x00000007b6180000)
 ParOldGen       total 23552K, used 2599K [0x00000007a0000000, 0x00000007a1700000, 0x00000007b5580000)
  object space 23552K, 11% used [0x00000007a0000000,0x00000007a0289ec8,0x00000007a1700000)
 Metaspace       used 7923K, capacity 8103K, committed 8320K, reserved 1056768K
  class space    used 794K, capacity 858K, committed 896K, reserved 1048576K
}

